<?xml version="1.0" encoding="UTF-8"?>
<testng-results skipped="0" failed="0" ignored="0" total="1" passed="1">
  <reporter-output>
  </reporter-output>
  <suite name="Default suite" duration-ms="13582" started-at="2021-10-31T08:36:59Z" finished-at="2021-10-31T08:37:12Z">
    <groups>
    </groups>
    <test name="Default test" duration-ms="13582" started-at="2021-10-31T08:36:59Z" finished-at="2021-10-31T08:37:12Z">
      <class name="testcase.TestLaunch">
        <test-method status="PASS" signature="iframe()[pri:0, instance:testcase.TestLaunch@5891e32e]" name="iframe" duration-ms="13546" started-at="2021-10-31T08:36:59Z" finished-at="2021-10-31T08:37:12Z">
          <reporter-output>
          </reporter-output>
        </test-method> <!-- iframe -->
      </class> <!-- testcase.TestLaunch -->
    </test> <!-- Default test -->
  </suite> <!-- Default suite -->
</testng-results>
